<?xml version="1.0" encoding="UTF-8"?>
<!-- Generated by org.testng.reporters.JUnitXMLReporter -->
<testsuite ignored="0" hostname="DESKTOP-Q496GAK" failures="0" tests="5" name="Default test" time="7.286" errors="0" timestamp="12 Jan 2023 05:44:30 GMT">
  <testcase classname="com.testingtaskapi.testCases.TC001_TestingTask_Api" name="checkContentType" time="0.007"/>
  <testcase classname="com.testingtaskapi.testCases.TC001_TestingTask_Api" name="checkResposeBody" time="0.024"/>
  <testcase classname="com.testingtaskapi.testCases.TC001_TestingTask_Api" name="checkStatusCode" time="0.005"/>
  <testcase classname="com.testingtaskapi.testCases.TC001_TestingTask_Api" name="checkcontentEncoding" time="0.004"/>
  <testcase classname="com.testingtaskapi.testCases.TC001_TestingTask_Api" name="checkstatusLine" time="0.002"/>
</testsuite> <!-- Default test -->
