<?xml version="1.0" encoding="UTF-8"?>
<!-- Generated by org.testng.reporters.JUnitXMLReporter -->
<testsuite hostname="DESKTOP-Q496GAK" ignored="0" name="TestingTaskAPI" tests="5" failures="0" timestamp="12 Jan 2023 06:15:22 GMT" time="8.082" errors="0">
  <testcase name="checkContentType" time="0.007" classname="com.testingtaskapi.testCases.TC001_TestingTask_Api"/>
  <testcase name="checkResposeBody" time="0.013" classname="com.testingtaskapi.testCases.TC001_TestingTask_Api"/>
  <testcase name="checkStatusCode" time="0.0" classname="com.testingtaskapi.testCases.TC001_TestingTask_Api"/>
  <testcase name="checkcontentEncoding" time="0.001" classname="com.testingtaskapi.testCases.TC001_TestingTask_Api"/>
  <testcase name="checkstatusLine" time="0.0" classname="com.testingtaskapi.testCases.TC001_TestingTask_Api"/>
</testsuite> <!-- TestingTaskAPI -->
