<?xml version="1.0" encoding="UTF-8"?>
<!-- Generated by org.testng.reporters.JUnitXMLReporter -->
<testsuite ignored="0" hostname="DESKTOP-Q496GAK" failures="0" tests="5" name="TestingTaskAPI" time="7.827" errors="0" timestamp="12 Jan 2023 06:30:41 GMT">
  <testcase classname="com.testingtaskapi.testCases.TC001_TestingTask_Api" name="checkContentType" time="0.01"/>
  <testcase classname="com.testingtaskapi.testCases.TC001_TestingTask_Api" name="checkResposeBody" time="0.015"/>
  <testcase classname="com.testingtaskapi.testCases.TC001_TestingTask_Api" name="checkStatusCode" time="0.002"/>
  <testcase classname="com.testingtaskapi.testCases.TC001_TestingTask_Api" name="checkcontentEncoding" time="0.002"/>
  <testcase classname="com.testingtaskapi.testCases.TC001_TestingTask_Api" name="checkstatusLine" time="0.002"/>
</testsuite> <!-- TestingTaskAPI -->
