<?xml version="1.0" encoding="UTF-8"?>
<!-- Generated by org.testng.reporters.JUnitXMLReporter -->
<testsuite ignored="0" hostname="DESKTOP-Q496GAK" failures="0" tests="5" name="FoxRestAPITest" time="7.897" errors="0" timestamp="11 Jan 2023 11:07:22 GMT">
  <testcase classname="com.foxapi.testCases.TC001_REG_user" name="checkContentType" time="0.019"/>
  <testcase classname="com.foxapi.testCases.TC001_REG_user" name="checkResposeBody" time="0.015"/>
  <testcase classname="com.foxapi.testCases.TC001_REG_user" name="checkStatusCode" time="0.002"/>
  <testcase classname="com.foxapi.testCases.TC001_REG_user" name="checkcontentEncoding" time="0.003"/>
  <testcase classname="com.foxapi.testCases.TC001_REG_user" name="checkstatusLine" time="0.002"/>
</testsuite> <!-- FoxRestAPITest -->
